H:\CHATCLIENT4\CHATCLIENT\RELEASE\CHATCLIENT.PCH
H:\CHATCLIENT4\CHATCLIENT\RELEASE\STDAFX.OBJ
H:\CHATCLIENT4\CHATCLIENT\RELEASE\VC110.PDB
H:\CHATCLIENT4\CHATCLIENT\RELEASE\DATA.OBJ
H:\CHATCLIENT4\CHATCLIENT\RELEASE\CLIENTSOCKET.OBJ
H:\CHATCLIENT4\CHATCLIENT\RELEASE\CHATCLIENTDLG.OBJ
H:\CHATCLIENT4\CHATCLIENT\RELEASE\CHATCLIENT.OBJ
H:\CHATCLIENT4\CHATCLIENT\RELEASE\CHATCONNECTOR.OBJ
H:\CHATCLIENT4\CHATCLIENT\RELEASE\IMAGEVIEW.OBJ
H:\CHATCLIENT5\CHATCLIENT\RELEASE\CHATCLIENT.PCH
H:\CHATCLIENT5\CHATCLIENT\RELEASE\STDAFX.OBJ
H:\CHATCLIENT5\CHATCLIENT\RELEASE\VC110.PDB
H:\CHATCLIENT5\CHATCLIENT\RELEASE\IMAGEVIEW.OBJ
H:\CHATCLIENT5\CHATCLIENT\RELEASE\DATA.OBJ
H:\CHATCLIENT5\CHATCLIENT\RELEASE\CVVIMAGE.OBJ
H:\CHATCLIENT5\CHATCLIENT\RELEASE\CLIENTSOCKET.OBJ
H:\CHATCLIENT5\CHATCLIENT\RELEASE\CHATCONNECTOR.OBJ
H:\CHATCLIENT5\CHATCLIENT\RELEASE\CHATCLIENTDLG.OBJ
H:\CHATCLIENT5\CHATCLIENT\RELEASE\CHATCLIENT.OBJ
C:\USERS\USER\DESKTOP\새 폴더 (3)\CHATCLIENT5\CHATCLIENT\RELEASE\CHATCLIENT.PCH
C:\USERS\USER\DESKTOP\새 폴더 (3)\CHATCLIENT5\CHATCLIENT\RELEASE\STDAFX.OBJ
C:\USERS\USER\DESKTOP\새 폴더 (3)\CHATCLIENT5\CHATCLIENT\RELEASE\VC110.PDB
C:\USERS\USER\DESKTOP\새 폴더 (3)\CHATCLIENT5\CHATCLIENT\RELEASE\IMAGEVIEW.OBJ
C:\USERS\USER\DESKTOP\새 폴더 (3)\CHATCLIENT5\CHATCLIENT\RELEASE\DATA.OBJ
C:\USERS\USER\DESKTOP\새 폴더 (3)\CHATCLIENT5\CHATCLIENT\RELEASE\CVVIMAGE.OBJ
C:\USERS\USER\DESKTOP\새 폴더 (3)\CHATCLIENT5\CHATCLIENT\RELEASE\CLIENTSOCKET.OBJ
C:\USERS\USER\DESKTOP\새 폴더 (3)\CHATCLIENT5\CHATCLIENT\RELEASE\CHATCONNECTOR.OBJ
C:\USERS\USER\DESKTOP\새 폴더 (3)\CHATCLIENT5\CHATCLIENT\RELEASE\CHATCLIENTDLG.OBJ
C:\USERS\USER\DESKTOP\새 폴더 (3)\CHATCLIENT5\CHATCLIENT\RELEASE\CHATCLIENT.OBJ
H:\CHATCLIENT4\RELEASE\CHATCLIENT.EXE
H:\CHATCLIENT4\RELEASE\CHATCLIENT.PDB
H:\CHATCLIENT5\RELEASE\CHATCLIENT.EXE
H:\CHATCLIENT5\RELEASE\CHATCLIENT.PDB
H:\CHATCLIENT4\CHATCLIENT\RELEASE\CHATCLIENT.RES
H:\CHATCLIENT5\CHATCLIENT\RELEASE\CHATCLIENT.RES
C:\USERS\USER\DESKTOP\새 폴더 (3)\CHATCLIENT5\CHATCLIENT\RELEASE\CHATCLIENT.RES
C:\Users\User\Desktop\새 폴더 (3)\ChatClient5\ChatClient\Release\ChatClient.obj
C:\Users\User\Desktop\새 폴더 (3)\ChatClient5\ChatClient\Release\ChatClientDlg.obj
C:\Users\User\Desktop\새 폴더 (3)\ChatClient5\ChatClient\Release\ChatConnector.obj
C:\Users\User\Desktop\새 폴더 (3)\ChatClient5\ChatClient\Release\ClientSocket.obj
C:\Users\User\Desktop\새 폴더 (3)\ChatClient5\ChatClient\Release\CvvImage.obj
C:\Users\User\Desktop\새 폴더 (3)\ChatClient5\ChatClient\Release\Data.obj
C:\Users\User\Desktop\새 폴더 (3)\ChatClient5\ChatClient\Release\ImageView.obj
C:\Users\User\Desktop\새 폴더 (3)\ChatClient5\ChatClient\Release\stdafx.obj
C:\Users\User\Desktop\새 폴더 (3)\ChatClient5\ChatClient\Release\cl.command.1.tlog
C:\Users\User\Desktop\새 폴더 (3)\ChatClient5\ChatClient\Release\CL.read.1.tlog
C:\Users\User\Desktop\새 폴더 (3)\ChatClient5\ChatClient\Release\CL.write.1.tlog
C:\Users\User\Desktop\새 폴더 (3)\ChatClient5\ChatClient\Release\link-cvtres.read.1.tlog
C:\Users\User\Desktop\새 폴더 (3)\ChatClient5\ChatClient\Release\link-cvtres.write.1.tlog
C:\Users\User\Desktop\새 폴더 (3)\ChatClient5\ChatClient\Release\link-mt.read.1.tlog
C:\Users\User\Desktop\새 폴더 (3)\ChatClient5\ChatClient\Release\link-mt.write.1.tlog
C:\Users\User\Desktop\새 폴더 (3)\ChatClient5\ChatClient\Release\link-rc.read.1.tlog
C:\Users\User\Desktop\새 폴더 (3)\ChatClient5\ChatClient\Release\link-rc.write.1.tlog
C:\Users\User\Desktop\새 폴더 (3)\ChatClient5\ChatClient\Release\link.command.1.tlog
C:\Users\User\Desktop\새 폴더 (3)\ChatClient5\ChatClient\Release\link.read.1.tlog
C:\Users\User\Desktop\새 폴더 (3)\ChatClient5\ChatClient\Release\link.write.1.tlog
C:\Users\User\Desktop\새 폴더 (3)\ChatClient5\ChatClient\Release\rc.command.1.tlog
C:\Users\User\Desktop\새 폴더 (3)\ChatClient5\ChatClient\Release\rc.read.1.tlog
C:\Users\User\Desktop\새 폴더 (3)\ChatClient5\ChatClient\Release\rc.write.1.tlog
C:\Users\User\Desktop\새 폴더 (3)\ChatClient5\ChatClient\Release\ChatClient.res
C:\Users\User\Desktop\새 폴더 (3)\ChatClient5\ChatClient\Release\ChatClient.pch
C:\Users\User\Desktop\새 폴더 (3)\ChatClient5\ChatClient\Release\vc110.pdb
C:\Users\User\Desktop\새 폴더 (3)\ChatClient5\Release\ChatClient.pdb
