H:\CHATCLIENT3\CHATCLIENT\DEBUG\CHATCLIENT.PCH
H:\CHATCLIENT3\CHATCLIENT\DEBUG\STDAFX.OBJ
H:\CHATCLIENT3\CHATCLIENT\DEBUG\VC110.PDB
H:\CHATCLIENT3\CHATCLIENT\DEBUG\CHATCLIENT.OBJ
H:\CHATCLIENT3\CHATCLIENT\DEBUG\CHATCONNECTOR.OBJ
H:\CHATCLIENT3\CHATCLIENT\DEBUG\CLIENTSOCKET.OBJ
H:\CHATCLIENT3\CHATCLIENT\DEBUG\DATA.OBJ
H:\CHATCLIENT3\CHATCLIENT\DEBUG\CHATCLIENTDLG.OBJ
H:\CHATCLIENT3\CHATCLIENT\DEBUG\IMAGEVIEW.OBJ
H:\CHATCLIENT3\CHATCLIENT\DEBUG\CHATCLIENT.RES
H:\CHATCLIENT3\DEBUG\CHATCLIENT.ILK
H:\CHATCLIENT3\DEBUG\CHATCLIENT.EXE
H:\CHATCLIENT3\DEBUG\CHATCLIENT.PDB
H:\ChatClient3\ChatClient\Debug\stdafx.obj
H:\ChatClient3\ChatClient\Debug\ChatClient.obj
H:\ChatClient3\ChatClient\Debug\ChatClientDlg.obj
H:\ChatClient3\ChatClient\Debug\ChatConnector.obj
H:\ChatClient3\ChatClient\Debug\ClientSocket.obj
H:\ChatClient3\ChatClient\Debug\Data.obj
H:\ChatClient3\ChatClient\Debug\ImageView.obj
H:\ChatClient3\ChatClient\Debug\CL.read.1.tlog
H:\ChatClient3\ChatClient\Debug\CL.write.1.tlog
H:\ChatClient3\ChatClient\Debug\cl.command.1.tlog
H:\ChatClient3\ChatClient\Debug\rc.read.1.tlog
H:\ChatClient3\ChatClient\Debug\rc.write.1.tlog
H:\ChatClient3\ChatClient\Debug\rc.command.1.tlog
H:\ChatClient3\ChatClient\Debug\link-mt.read.1.tlog
H:\ChatClient3\ChatClient\Debug\link-mt.write.1.tlog
H:\ChatClient3\ChatClient\Debug\link-rc.read.1.tlog
H:\ChatClient3\ChatClient\Debug\link-rc.write.1.tlog
H:\ChatClient3\ChatClient\Debug\link-cvtres.read.1.tlog
H:\ChatClient3\ChatClient\Debug\link-cvtres.write.1.tlog
H:\ChatClient3\ChatClient\Debug\link.read.1.tlog
H:\ChatClient3\ChatClient\Debug\link.write.1.tlog
H:\ChatClient3\ChatClient\Debug\link.command.1.tlog
H:\ChatClient3\ChatClient\Debug\link.4704-mt.read.1.tlog
H:\ChatClient3\ChatClient\Debug\link.4704-mt.write.1.tlog
H:\ChatClient3\ChatClient\Debug\link.4704-rc.read.1.tlog
H:\ChatClient3\ChatClient\Debug\link.4704-rc.write.1.tlog
H:\ChatClient3\ChatClient\Debug\link.4704-cvtres.read.1.tlog
H:\ChatClient3\ChatClient\Debug\link.4704-cvtres.write.1.tlog
H:\ChatClient3\ChatClient\Debug\link.4704.read.1.tlog
H:\ChatClient3\ChatClient\Debug\link.4704.write.1.tlog
H:\ChatClient3\ChatClient\Debug\link.6572-mt.read.1.tlog
H:\ChatClient3\ChatClient\Debug\link.6572-mt.write.1.tlog
H:\ChatClient3\ChatClient\Debug\link.6572-rc.read.1.tlog
H:\ChatClient3\ChatClient\Debug\link.6572-rc.write.1.tlog
H:\ChatClient3\ChatClient\Debug\link.6572-cvtres.read.1.tlog
H:\ChatClient3\ChatClient\Debug\link.6572-cvtres.write.1.tlog
H:\ChatClient3\ChatClient\Debug\link.6572.read.1.tlog
H:\ChatClient3\ChatClient\Debug\link.6572.write.1.tlog
H:\ChatClient3\ChatClient\Debug\link.6328-mt.read.1.tlog
H:\ChatClient3\ChatClient\Debug\link.6328-mt.write.1.tlog
H:\ChatClient3\ChatClient\Debug\link.6328-rc.read.1.tlog
H:\ChatClient3\ChatClient\Debug\link.6328-rc.write.1.tlog
H:\ChatClient3\ChatClient\Debug\link.6328-cvtres.read.1.tlog
H:\ChatClient3\ChatClient\Debug\link.6328-cvtres.write.1.tlog
H:\ChatClient3\ChatClient\Debug\link.6328.read.1.tlog
H:\ChatClient3\ChatClient\Debug\link.6328.write.1.tlog
H:\ChatClient3\ChatClient\Debug\ChatClient.res
H:\ChatClient3\ChatClient\Debug\ChatClient.pch
H:\ChatClient3\ChatClient\Debug\vc110.idb
H:\ChatClient3\ChatClient\Debug\vc110.pdb
H:\ChatClient3\Debug\ChatClient.pdb
H:\ChatClient3\Debug\ChatClient.exe
H:\ChatClient3\Debug\ChatClient.ilk
